<?xml version="1.0" encoding="UTF-8"?>
<testng-results ignored="0" total="2" passed="2" failed="0" skipped="0">
  <reporter-output>
    <line>
      <![CDATA[Log:WebDriver session is Created!]]>
    </line>
    <line>
      <![CDATA[Log:Swaglabs application Open!]]>
    </line>
    <line>
      <![CDATA[Log:User Login is completed!]]>
    </line>
    <line>
      <![CDATA[Log:Total Product count is calculated!]]>
    </line>
    <line>
      <![CDATA[Log:Product added into cart]]>
    </line>
    <line>
      <![CDATA[Log:Order completed!]]>
    </line>
  </reporter-output>
  <suite started-at="2023-10-22T20:49:11 IST" name="Suite" finished-at="2023-10-22T20:49:44 IST" duration-ms="33181">
    <groups>
    </groups>
    <test started-at="2023-10-22T20:49:11 IST" name="Test" finished-at="2023-10-22T20:49:44 IST" duration-ms="33181">
      <class name="com.SwagLabs.TestCases.OverviewPageTest">
        <test-method is-config="true" signature="reportSetUp()[pri:0, instance:com.SwagLabs.TestCases.OverviewPageTest@45c8d09f]" started-at="2023-10-22T20:49:11 IST" name="reportSetUp" finished-at="2023-10-22T20:49:11 IST" duration-ms="25" status="PASS">
          <reporter-output>
          </reporter-output>
        </test-method> <!-- reportSetUp -->
        <test-method is-config="true" signature="broswerSetUp()[pri:0, instance:com.SwagLabs.TestCases.OverviewPageTest@45c8d09f]" started-at="2023-10-22T20:49:11 IST" name="broswerSetUp" finished-at="2023-10-22T20:49:15 IST" duration-ms="4034" status="PASS">
          <reporter-output>
            <line>
              <![CDATA[Log:WebDriver session is Created!]]>
            </line>
            <line>
              <![CDATA[Log:Swaglabs application Open!]]>
            </line>
          </reporter-output>
        </test-method> <!-- broswerSetUp -->
        <test-method is-config="true" signature="pageSetUp()[pri:0, instance:com.SwagLabs.TestCases.OverviewPageTest@45c8d09f]" started-at="2023-10-22T20:49:15 IST" name="pageSetUp" finished-at="2023-10-22T20:49:43 IST" duration-ms="28499" status="PASS">
          <reporter-output>
            <line>
              <![CDATA[Log:User Login is completed!]]>
            </line>
            <line>
              <![CDATA[Log:Total Product count is calculated!]]>
            </line>
            <line>
              <![CDATA[Log:Product added into cart]]>
            </line>
            <line>
              <![CDATA[Log:Order completed!]]>
            </line>
          </reporter-output>
        </test-method> <!-- pageSetUp -->
        <test-method signature="verifyOrderSummary()[pri:1, instance:com.SwagLabs.TestCases.OverviewPageTest@45c8d09f]" started-at="2023-10-22T20:49:43 IST" name="verifyOrderSummary" finished-at="2023-10-22T20:49:44 IST" duration-ms="89" status="PASS">
          <reporter-output>
          </reporter-output>
        </test-method> <!-- verifyOrderSummary -->
        <test-method signature="verifyCompleteOrder()[pri:2, instance:com.SwagLabs.TestCases.OverviewPageTest@45c8d09f]" started-at="2023-10-22T20:49:44 IST" name="verifyCompleteOrder" finished-at="2023-10-22T20:49:44 IST" duration-ms="261" status="PASS">
          <reporter-output>
          </reporter-output>
        </test-method> <!-- verifyCompleteOrder -->
        <test-method is-config="true" signature="tearDown()[pri:0, instance:com.SwagLabs.TestCases.OverviewPageTest@45c8d09f]" started-at="2023-10-22T20:49:44 IST" name="tearDown" finished-at="2023-10-22T20:49:44 IST" duration-ms="240" status="PASS">
          <reporter-output>
          </reporter-output>
        </test-method> <!-- tearDown -->
        <test-method is-config="true" signature="exitReport()[pri:0, instance:com.SwagLabs.TestCases.OverviewPageTest@45c8d09f]" started-at="2023-10-22T20:49:45 IST" name="exitReport" finished-at="2023-10-22T20:49:45 IST" duration-ms="99" status="PASS">
          <reporter-output>
          </reporter-output>
        </test-method> <!-- exitReport -->
      </class> <!-- com.SwagLabs.TestCases.OverviewPageTest -->
    </test> <!-- Test -->
  </suite> <!-- Suite -->
</testng-results>
