<?xml version="1.0" encoding="UTF-8"?>
<testsuite xmlns:xsi="http://www.w3.org/2001/XMLSchema-instance" xsi:noNamespaceSchemaLocation="https://maven.apache.org/surefire/maven-surefire-plugin/xsd/surefire-test-report-3.0.xsd" version="3.0" name="TestSuite" time="35.49" tests="2" errors="0" skipped="0" failures="0">
  <properties>
[...]
</properties>
  <testcase name="verifyOrderSummary" classname="com.SwagLabs.TestCases.OverviewPageTest" time="0.055">
    <system-out><![CDATA[Log:WebDriver session is Created!
Log:Swaglabs application Open!
*********Login functionality*************
Application title: Swag Labs
Application Url: https://www.saucedemo.com/
User Login Completed!
Log:User Login is completed!
***********Inventory page**************
Total Products are: 6
Log:Total Product count is calculated!
*******Products Labbles***********
Sauce Labs Bolt T-Shirt product added to the cart!
**********Cart Page************
*********Checkout Page**********
User details are entered
***************Overview Page******
Log:Order completed!
Product Order Details are:
QTYDescription
1
Sauce Labs Backpack
carry.allTheThings() with the sleek, streamlined Sly Pack that melds uncompromising style with unequaled laptop and tablet protection.
$29.99
Payment Information
SauceCard #31337
Shipping Information
Free Pony Express Delivery!
Price Total
Item total: $29.99
Tax: $2.40
Total: $32.39
Cancel
Finish
]]></system-out>
    <system-err><![CDATA[Oct 28, 2023 10:36:42 PM org.openqa.selenium.devtools.CdpVersionFinder findNearestMatch
WARNING: Unable to find an exact match for CDP version 118, so returning the closest version found: 117
]]></system-err>
  </testcase>
  <testcase name="verifyCompleteOrder" classname="com.SwagLabs.TestCases.OverviewPageTest" time="0.274">
    <system-out><![CDATA[Final Result: Thank you for your order!
]]></system-out>
  </testcase>
</testsuite>