<?xml version="1.0" encoding="UTF-8"?>
<testng-results ignored="0" total="2" passed="2" failed="0" skipped="0">
  <reporter-output>
    <line>
      <![CDATA[Log:WebDriver session is Created!]]>
    </line>
    <line>
      <![CDATA[Log:Swaglabs application Open!]]>
    </line>
    <line>
      <![CDATA[Log:User Login is completed!]]>
    </line>
    <line>
      <![CDATA[Log:Total Product count is calculated!]]>
    </line>
    <line>
      <![CDATA[Log:Product added into cart]]>
    </line>
    <line>
      <![CDATA[Log:Order completed!]]>
    </line>
  </reporter-output>
  <suite started-at="2023-10-22T20:14:33 IST" name="Suite" finished-at="2023-10-22T20:15:06 IST" duration-ms="32721">
    <groups>
    </groups>
    <test started-at="2023-10-22T20:14:33 IST" name="Test" finished-at="2023-10-22T20:15:06 IST" duration-ms="32721">
      <class name="com.SwagLabs.TestCases.OverviewPageTest">
        <test-method is-config="true" signature="reportSetUp()[pri:0, instance:com.SwagLabs.TestCases.OverviewPageTest@5d8445d7]" started-at="2023-10-22T20:14:33 IST" name="reportSetUp" finished-at="2023-10-22T20:14:33 IST" duration-ms="28" status="PASS">
          <reporter-output>
          </reporter-output>
        </test-method> <!-- reportSetUp -->
        <test-method is-config="true" signature="broswerSetUp()[pri:0, instance:com.SwagLabs.TestCases.OverviewPageTest@5d8445d7]" started-at="2023-10-22T20:14:33 IST" name="broswerSetUp" finished-at="2023-10-22T20:14:37 IST" duration-ms="3707" status="PASS">
          <reporter-output>
            <line>
              <![CDATA[Log:WebDriver session is Created!]]>
            </line>
            <line>
              <![CDATA[Log:Swaglabs application Open!]]>
            </line>
          </reporter-output>
        </test-method> <!-- broswerSetUp -->
        <test-method is-config="true" signature="pageSetUp()[pri:0, instance:com.SwagLabs.TestCases.OverviewPageTest@5d8445d7]" started-at="2023-10-22T20:14:37 IST" name="pageSetUp" finished-at="2023-10-22T20:15:05 IST" duration-ms="28478" status="PASS">
          <reporter-output>
            <line>
              <![CDATA[Log:User Login is completed!]]>
            </line>
            <line>
              <![CDATA[Log:Total Product count is calculated!]]>
            </line>
            <line>
              <![CDATA[Log:Product added into cart]]>
            </line>
            <line>
              <![CDATA[Log:Order completed!]]>
            </line>
          </reporter-output>
        </test-method> <!-- pageSetUp -->
        <test-method signature="verifyOrderSummary()[pri:1, instance:com.SwagLabs.TestCases.OverviewPageTest@5d8445d7]" started-at="2023-10-22T20:15:06 IST" name="verifyOrderSummary" finished-at="2023-10-22T20:15:06 IST" duration-ms="47" status="PASS">
          <reporter-output>
          </reporter-output>
        </test-method> <!-- verifyOrderSummary -->
        <test-method signature="verifyCompleteOrder()[pri:2, instance:com.SwagLabs.TestCases.OverviewPageTest@5d8445d7]" started-at="2023-10-22T20:15:06 IST" name="verifyCompleteOrder" finished-at="2023-10-22T20:15:06 IST" duration-ms="251" status="PASS">
          <reporter-output>
          </reporter-output>
        </test-method> <!-- verifyCompleteOrder -->
        <test-method is-config="true" signature="tearDown()[pri:0, instance:com.SwagLabs.TestCases.OverviewPageTest@5d8445d7]" started-at="2023-10-22T20:15:06 IST" name="tearDown" finished-at="2023-10-22T20:15:06 IST" duration-ms="182" status="PASS">
          <reporter-output>
          </reporter-output>
        </test-method> <!-- tearDown -->
        <test-method is-config="true" signature="exitReport()[pri:0, instance:com.SwagLabs.TestCases.OverviewPageTest@5d8445d7]" started-at="2023-10-22T20:15:06 IST" name="exitReport" finished-at="2023-10-22T20:15:07 IST" duration-ms="101" status="PASS">
          <reporter-output>
          </reporter-output>
        </test-method> <!-- exitReport -->
      </class> <!-- com.SwagLabs.TestCases.OverviewPageTest -->
    </test> <!-- Test -->
  </suite> <!-- Suite -->
</testng-results>
